running egg_info
creating build/usf_robot/usf_robot.egg-info
writing build/usf_robot/usf_robot.egg-info/PKG-INFO
writing dependency_links to build/usf_robot/usf_robot.egg-info/dependency_links.txt
writing entry points to build/usf_robot/usf_robot.egg-info/entry_points.txt
writing requirements to build/usf_robot/usf_robot.egg-info/requires.txt
writing top-level names to build/usf_robot/usf_robot.egg-info/top_level.txt
writing manifest file 'build/usf_robot/usf_robot.egg-info/SOURCES.txt'
reading manifest file 'build/usf_robot/usf_robot.egg-info/SOURCES.txt'
writing manifest file 'build/usf_robot/usf_robot.egg-info/SOURCES.txt'
running build
running build_py
creating /home/cyborg/usf_robot/build/usf_robot/build
creating /home/cyborg/usf_robot/build/usf_robot/build/lib
creating /home/cyborg/usf_robot/build/usf_robot/build/lib/usf_robot
copying usf_robot/robot_controller.py -> /home/cyborg/usf_robot/build/usf_robot/build/lib/usf_robot
copying usf_robot/joystick_control.py -> /home/cyborg/usf_robot/build/usf_robot/build/lib/usf_robot
copying usf_robot/__init__.py -> /home/cyborg/usf_robot/build/usf_robot/build/lib/usf_robot
running install
running install_lib
creating /home/cyborg/usf_robot/install/usf_robot/lib/python3.10/site-packages/usf_robot
copying /home/cyborg/usf_robot/build/usf_robot/build/lib/usf_robot/robot_controller.py -> /home/cyborg/usf_robot/install/usf_robot/lib/python3.10/site-packages/usf_robot
copying /home/cyborg/usf_robot/build/usf_robot/build/lib/usf_robot/joystick_control.py -> /home/cyborg/usf_robot/install/usf_robot/lib/python3.10/site-packages/usf_robot
copying /home/cyborg/usf_robot/build/usf_robot/build/lib/usf_robot/__init__.py -> /home/cyborg/usf_robot/install/usf_robot/lib/python3.10/site-packages/usf_robot
byte-compiling /home/cyborg/usf_robot/install/usf_robot/lib/python3.10/site-packages/usf_robot/robot_controller.py to robot_controller.cpython-310.pyc
byte-compiling /home/cyborg/usf_robot/install/usf_robot/lib/python3.10/site-packages/usf_robot/joystick_control.py to joystick_control.cpython-310.pyc
byte-compiling /home/cyborg/usf_robot/install/usf_robot/lib/python3.10/site-packages/usf_robot/__init__.py to __init__.cpython-310.pyc
running install_data
creating /home/cyborg/usf_robot/install/usf_robot/share/ament_index
creating /home/cyborg/usf_robot/install/usf_robot/share/ament_index/resource_index
creating /home/cyborg/usf_robot/install/usf_robot/share/ament_index/resource_index/packages
copying resource/usf_robot -> /home/cyborg/usf_robot/install/usf_robot/share/ament_index/resource_index/packages
copying package.xml -> /home/cyborg/usf_robot/install/usf_robot/share/usf_robot
creating /home/cyborg/usf_robot/install/usf_robot/share/usf_robot/launch
copying launch/robot_joystick.launch.py -> /home/cyborg/usf_robot/install/usf_robot/share/usf_robot/launch
running install_egg_info
Copying build/usf_robot/usf_robot.egg-info to /home/cyborg/usf_robot/install/usf_robot/lib/python3.10/site-packages/usf_robot-0.0.0-py3.10.egg-info
running install_scripts
Installing joystick_control script to /home/cyborg/usf_robot/install/usf_robot/lib/usf_robot
Installing robot_controller script to /home/cyborg/usf_robot/install/usf_robot/lib/usf_robot
writing list of installed files to '/home/cyborg/usf_robot/build/usf_robot/install.log'
