[1.302s] Invoking command in '/home/cyborg/usf_robot': PYTHONPATH=/home/cyborg/usf_robot/build/usf_robot/prefix_override:/home/cyborg/usf_robot/install/usf_robot/lib/python3.10/site-packages:${PYTHONPATH} /usr/bin/python3 -W ignore:setup.py install is deprecated setup.py egg_info --egg-base build/usf_robot build --build-base /home/cyborg/usf_robot/build/usf_robot/build install --record /home/cyborg/usf_robot/build/usf_robot/install.log --single-version-externally-managed install_data
[1.686s] running egg_info
[1.687s] creating build/usf_robot/usf_robot.egg-info
[1.687s] writing build/usf_robot/usf_robot.egg-info/PKG-INFO
[1.687s] writing dependency_links to build/usf_robot/usf_robot.egg-info/dependency_links.txt
[1.688s] writing entry points to build/usf_robot/usf_robot.egg-info/entry_points.txt
[1.688s] writing requirements to build/usf_robot/usf_robot.egg-info/requires.txt
[1.688s] writing top-level names to build/usf_robot/usf_robot.egg-info/top_level.txt
[1.688s] writing manifest file 'build/usf_robot/usf_robot.egg-info/SOURCES.txt'
[1.690s] reading manifest file 'build/usf_robot/usf_robot.egg-info/SOURCES.txt'
[1.691s] writing manifest file 'build/usf_robot/usf_robot.egg-info/SOURCES.txt'
[1.691s] running build
[1.691s] running build_py
[1.692s] creating /home/cyborg/usf_robot/build/usf_robot/build
[1.692s] creating /home/cyborg/usf_robot/build/usf_robot/build/lib
[1.692s] creating /home/cyborg/usf_robot/build/usf_robot/build/lib/usf_robot
[1.692s] copying usf_robot/robot_controller.py -> /home/cyborg/usf_robot/build/usf_robot/build/lib/usf_robot
[1.692s] copying usf_robot/joystick_control.py -> /home/cyborg/usf_robot/build/usf_robot/build/lib/usf_robot
[1.692s] copying usf_robot/__init__.py -> /home/cyborg/usf_robot/build/usf_robot/build/lib/usf_robot
[1.692s] running install
[1.693s] running install_lib
[1.694s] creating /home/cyborg/usf_robot/install/usf_robot/lib/python3.10/site-packages/usf_robot
[1.694s] copying /home/cyborg/usf_robot/build/usf_robot/build/lib/usf_robot/robot_controller.py -> /home/cyborg/usf_robot/install/usf_robot/lib/python3.10/site-packages/usf_robot
[1.694s] copying /home/cyborg/usf_robot/build/usf_robot/build/lib/usf_robot/joystick_control.py -> /home/cyborg/usf_robot/install/usf_robot/lib/python3.10/site-packages/usf_robot
[1.694s] copying /home/cyborg/usf_robot/build/usf_robot/build/lib/usf_robot/__init__.py -> /home/cyborg/usf_robot/install/usf_robot/lib/python3.10/site-packages/usf_robot
[1.695s] byte-compiling /home/cyborg/usf_robot/install/usf_robot/lib/python3.10/site-packages/usf_robot/robot_controller.py to robot_controller.cpython-310.pyc
[1.697s] byte-compiling /home/cyborg/usf_robot/install/usf_robot/lib/python3.10/site-packages/usf_robot/joystick_control.py to joystick_control.cpython-310.pyc
[1.697s] byte-compiling /home/cyborg/usf_robot/install/usf_robot/lib/python3.10/site-packages/usf_robot/__init__.py to __init__.cpython-310.pyc
[1.698s] running install_data
[1.698s] creating /home/cyborg/usf_robot/install/usf_robot/share/ament_index
[1.698s] creating /home/cyborg/usf_robot/install/usf_robot/share/ament_index/resource_index
[1.698s] creating /home/cyborg/usf_robot/install/usf_robot/share/ament_index/resource_index/packages
[1.698s] copying resource/usf_robot -> /home/cyborg/usf_robot/install/usf_robot/share/ament_index/resource_index/packages
[1.698s] copying package.xml -> /home/cyborg/usf_robot/install/usf_robot/share/usf_robot
[1.698s] creating /home/cyborg/usf_robot/install/usf_robot/share/usf_robot/launch
[1.698s] copying launch/robot_joystick.launch.py -> /home/cyborg/usf_robot/install/usf_robot/share/usf_robot/launch
[1.698s] running install_egg_info
[1.701s] Copying build/usf_robot/usf_robot.egg-info to /home/cyborg/usf_robot/install/usf_robot/lib/python3.10/site-packages/usf_robot-0.0.0-py3.10.egg-info
[1.702s] running install_scripts
[1.752s] Installing joystick_control script to /home/cyborg/usf_robot/install/usf_robot/lib/usf_robot
[1.752s] Installing robot_controller script to /home/cyborg/usf_robot/install/usf_robot/lib/usf_robot
[1.752s] writing list of installed files to '/home/cyborg/usf_robot/build/usf_robot/install.log'
[1.817s] Invoked command in '/home/cyborg/usf_robot' returned '0': PYTHONPATH=/home/cyborg/usf_robot/build/usf_robot/prefix_override:/home/cyborg/usf_robot/install/usf_robot/lib/python3.10/site-packages:${PYTHONPATH} /usr/bin/python3 -W ignore:setup.py install is deprecated setup.py egg_info --egg-base build/usf_robot build --build-base /home/cyborg/usf_robot/build/usf_robot/build install --record /home/cyborg/usf_robot/build/usf_robot/install.log --single-version-externally-managed install_data
