[0.222s] DEBUG:colcon:Command line arguments: ['/usr/bin/colcon', 'build']
[0.222s] DEBUG:colcon:Parsed command line arguments: Namespace(log_base=None, log_level=None, verb_name='build', build_base='build', install_base='install', merge_install=False, symlink_install=False, test_result_base=None, continue_on_error=False, executor='parallel', parallel_workers=4, event_handlers=None, ignore_user_meta=False, metas=['./colcon.meta'], base_paths=['.'], packages_ignore=None, packages_ignore_regex=None, paths=None, packages_up_to=None, packages_up_to_regex=None, packages_above=None, packages_above_and_dependencies=None, packages_above_depth=None, packages_select_by_dep=None, packages_skip_by_dep=None, packages_skip_up_to=None, packages_select_build_failed=False, packages_skip_build_finished=False, packages_select_test_failures=False, packages_skip_test_passed=False, packages_select=None, packages_skip=None, packages_select_regex=None, packages_skip_regex=None, packages_start=None, packages_end=None, cmake_args=None, cmake_target=None, cmake_target_skip_unavailable=False, cmake_clean_cache=False, cmake_clean_first=False, cmake_force_configure=False, ament_cmake_args=None, catkin_cmake_args=None, catkin_skip_building_tests=False, mixin_files=None, mixin=None, verb_parser=<colcon_mixin.mixin.mixin_argument.MixinArgumentDecorator object at 0xffffa10a2dd0>, verb_extension=<colcon_core.verb.build.BuildVerb object at 0xffffa1249240>, main=<bound method BuildVerb.main of <colcon_core.verb.build.BuildVerb object at 0xffffa1249240>>, mixin_verb=('build',))
[0.467s] Level 1:colcon.colcon_core.package_discovery:discover_packages(colcon_meta) check parameters
[0.467s] Level 1:colcon.colcon_core.package_discovery:discover_packages(recursive) check parameters
[0.467s] Level 1:colcon.colcon_core.package_discovery:discover_packages(ignore) check parameters
[0.467s] Level 1:colcon.colcon_core.package_discovery:discover_packages(path) check parameters
[0.468s] Level 1:colcon.colcon_core.package_discovery:discover_packages(colcon_meta) discover
[0.468s] Level 1:colcon.colcon_core.package_discovery:discover_packages(recursive) discover
[0.468s] INFO:colcon.colcon_core.package_discovery:Crawling recursively for packages in '/home/cyborg/usf_robot'
[0.468s] Level 1:colcon.colcon_core.package_identification:_identify(.) by extensions ['ignore', 'ignore_ament_install']
[0.468s] Level 1:colcon.colcon_core.package_identification:_identify(.) by extension 'ignore'
[0.468s] Level 1:colcon.colcon_core.package_identification:_identify(.) by extension 'ignore_ament_install'
[0.468s] Level 1:colcon.colcon_core.package_identification:_identify(.) by extensions ['colcon_pkg']
[0.468s] Level 1:colcon.colcon_core.package_identification:_identify(.) by extension 'colcon_pkg'
[0.468s] Level 1:colcon.colcon_core.package_identification:_identify(.) by extensions ['colcon_meta']
[0.468s] Level 1:colcon.colcon_core.package_identification:_identify(.) by extension 'colcon_meta'
[0.468s] Level 1:colcon.colcon_core.package_identification:_identify(.) by extensions ['ros']
[0.468s] Level 1:colcon.colcon_core.package_identification:_identify(.) by extension 'ros'
[0.491s] DEBUG:colcon.colcon_core.package_identification:Package '.' with type 'ros.ament_python' and name 'usf_robot'
[0.491s] Level 1:colcon.colcon_core.package_discovery:discover_packages(recursive) using defaults
[0.492s] Level 1:colcon.colcon_core.package_discovery:discover_packages(ignore) discover
[0.492s] Level 1:colcon.colcon_core.package_discovery:discover_packages(ignore) using defaults
[0.492s] Level 1:colcon.colcon_core.package_discovery:discover_packages(path) discover
[0.492s] Level 1:colcon.colcon_core.package_discovery:discover_packages(path) using defaults
[0.521s] Level 5:colcon.colcon_core.verb:set package 'usf_robot' build argument 'cmake_args' from command line to 'None'
[0.521s] Level 5:colcon.colcon_core.verb:set package 'usf_robot' build argument 'cmake_target' from command line to 'None'
[0.522s] Level 5:colcon.colcon_core.verb:set package 'usf_robot' build argument 'cmake_target_skip_unavailable' from command line to 'False'
[0.522s] Level 5:colcon.colcon_core.verb:set package 'usf_robot' build argument 'cmake_clean_cache' from command line to 'False'
[0.522s] Level 5:colcon.colcon_core.verb:set package 'usf_robot' build argument 'cmake_clean_first' from command line to 'False'
[0.522s] Level 5:colcon.colcon_core.verb:set package 'usf_robot' build argument 'cmake_force_configure' from command line to 'False'
[0.522s] Level 5:colcon.colcon_core.verb:set package 'usf_robot' build argument 'ament_cmake_args' from command line to 'None'
[0.522s] Level 5:colcon.colcon_core.verb:set package 'usf_robot' build argument 'catkin_cmake_args' from command line to 'None'
[0.522s] Level 5:colcon.colcon_core.verb:set package 'usf_robot' build argument 'catkin_skip_building_tests' from command line to 'False'
[0.522s] DEBUG:colcon.colcon_core.verb:Building package 'usf_robot' with the following arguments: {'ament_cmake_args': None, 'build_base': '/home/cyborg/usf_robot/build/usf_robot', 'catkin_cmake_args': None, 'catkin_skip_building_tests': False, 'cmake_args': None, 'cmake_clean_cache': False, 'cmake_clean_first': False, 'cmake_force_configure': False, 'cmake_target': None, 'cmake_target_skip_unavailable': False, 'install_base': '/home/cyborg/usf_robot/install/usf_robot', 'merge_install': False, 'path': '/home/cyborg/usf_robot', 'symlink_install': False, 'test_result_base': None}
[0.522s] INFO:colcon.colcon_core.executor:Executing jobs using 'parallel' executor
[0.524s] DEBUG:colcon.colcon_parallel_executor.executor.parallel:run_until_complete
[0.525s] INFO:colcon.colcon_ros.task.ament_python.build:Building ROS package in '/home/cyborg/usf_robot' with build type 'ament_python'
[0.529s] Level 1:colcon.colcon_core.shell:create_environment_hook('usf_robot', 'ament_prefix_path')
[0.532s] INFO:colcon.colcon_core.plugin_system:Skipping extension 'colcon_core.shell.bat': Not used on non-Windows systems
[0.532s] INFO:colcon.colcon_core.shell:Creating environment hook '/home/cyborg/usf_robot/install/usf_robot/share/usf_robot/hook/ament_prefix_path.ps1'
[0.533s] INFO:colcon.colcon_core.shell:Creating environment descriptor '/home/cyborg/usf_robot/install/usf_robot/share/usf_robot/hook/ament_prefix_path.dsv'
[0.533s] INFO:colcon.colcon_core.shell:Creating environment hook '/home/cyborg/usf_robot/install/usf_robot/share/usf_robot/hook/ament_prefix_path.sh'
[0.534s] INFO:colcon.colcon_core.shell:Skip shell extension 'powershell' for command environment: Not usable outside of PowerShell
[0.534s] DEBUG:colcon.colcon_core.shell:Skip shell extension 'dsv' for command environment
[1.071s] INFO:colcon.colcon_core.task.python.build:Building Python package in '/home/cyborg/usf_robot'
[1.073s] INFO:colcon.colcon_core.shell:Skip shell extension 'powershell' for command environment: Not usable outside of PowerShell
[1.073s] DEBUG:colcon.colcon_core.shell:Skip shell extension 'dsv' for command environment
[1.827s] DEBUG:colcon.colcon_core.event_handler.log_command:Invoking command in '/home/cyborg/usf_robot': PYTHONPATH=/home/cyborg/usf_robot/build/usf_robot/prefix_override:/home/cyborg/usf_robot/install/usf_robot/lib/python3.10/site-packages:${PYTHONPATH} /usr/bin/python3 -W ignore:setup.py install is deprecated setup.py egg_info --egg-base build/usf_robot build --build-base /home/cyborg/usf_robot/build/usf_robot/build install --record /home/cyborg/usf_robot/build/usf_robot/install.log --single-version-externally-managed install_data
[2.343s] DEBUG:colcon.colcon_core.event_handler.log_command:Invoked command in '/home/cyborg/usf_robot' returned '0': PYTHONPATH=/home/cyborg/usf_robot/build/usf_robot/prefix_override:/home/cyborg/usf_robot/install/usf_robot/lib/python3.10/site-packages:${PYTHONPATH} /usr/bin/python3 -W ignore:setup.py install is deprecated setup.py egg_info --egg-base build/usf_robot build --build-base /home/cyborg/usf_robot/build/usf_robot/build install --record /home/cyborg/usf_robot/build/usf_robot/install.log --single-version-externally-managed install_data
[2.346s] Level 1:colcon.colcon_core.environment:checking '/home/cyborg/usf_robot/install/usf_robot' for CMake module files
[2.346s] Level 1:colcon.colcon_core.environment:checking '/home/cyborg/usf_robot/install/usf_robot' for CMake config files
[2.347s] Level 1:colcon.colcon_core.environment:checking '/home/cyborg/usf_robot/install/usf_robot/lib'
[2.347s] Level 1:colcon.colcon_core.environment:checking '/home/cyborg/usf_robot/install/usf_robot/bin'
[2.347s] Level 1:colcon.colcon_core.environment:checking '/home/cyborg/usf_robot/install/usf_robot/lib/pkgconfig/usf_robot.pc'
[2.347s] Level 1:colcon.colcon_core.environment:checking '/home/cyborg/usf_robot/install/usf_robot/lib/python3.10/site-packages'
[2.348s] Level 1:colcon.colcon_core.shell:create_environment_hook('usf_robot', 'pythonpath')
[2.348s] INFO:colcon.colcon_core.shell:Creating environment hook '/home/cyborg/usf_robot/install/usf_robot/share/usf_robot/hook/pythonpath.ps1'
[2.348s] INFO:colcon.colcon_core.shell:Creating environment descriptor '/home/cyborg/usf_robot/install/usf_robot/share/usf_robot/hook/pythonpath.dsv'
[2.349s] INFO:colcon.colcon_core.shell:Creating environment hook '/home/cyborg/usf_robot/install/usf_robot/share/usf_robot/hook/pythonpath.sh'
[2.349s] Level 1:colcon.colcon_core.environment:checking '/home/cyborg/usf_robot/install/usf_robot/bin'
[2.349s] Level 1:colcon.colcon_core.environment:create_environment_scripts_only(usf_robot)
[2.350s] INFO:colcon.colcon_core.shell:Creating package script '/home/cyborg/usf_robot/install/usf_robot/share/usf_robot/package.ps1'
[2.351s] INFO:colcon.colcon_core.shell:Creating package descriptor '/home/cyborg/usf_robot/install/usf_robot/share/usf_robot/package.dsv'
[2.351s] INFO:colcon.colcon_core.shell:Creating package script '/home/cyborg/usf_robot/install/usf_robot/share/usf_robot/package.sh'
[2.352s] INFO:colcon.colcon_core.shell:Creating package script '/home/cyborg/usf_robot/install/usf_robot/share/usf_robot/package.bash'
[2.353s] INFO:colcon.colcon_core.shell:Creating package script '/home/cyborg/usf_robot/install/usf_robot/share/usf_robot/package.zsh'
[2.353s] Level 1:colcon.colcon_core.environment:create_file_with_runtime_dependencies(/home/cyborg/usf_robot/install/usf_robot/share/colcon-core/packages/usf_robot)
[2.354s] DEBUG:colcon.colcon_parallel_executor.executor.parallel:closing loop
[2.354s] DEBUG:colcon.colcon_parallel_executor.executor.parallel:loop closed
[2.354s] DEBUG:colcon.colcon_parallel_executor.executor.parallel:run_until_complete finished with '0'
[2.354s] DEBUG:colcon.colcon_core.event_reactor:joining thread
[2.368s] INFO:colcon.colcon_core.plugin_system:Skipping extension 'colcon_notification.desktop_notification.terminal_notifier': Not used on non-Darwin systems
[2.369s] INFO:colcon.colcon_core.plugin_system:Skipping extension 'colcon_notification.desktop_notification.win32': Not used on non-Windows systems
[2.369s] INFO:colcon.colcon_notification.desktop_notification:Sending desktop notification using 'notify2'
[2.370s] DEBUG:colcon.colcon_notification.desktop_notification.notify2:Failed to initialize notify2: org.freedesktop.DBus.Error.ServiceUnknown: The name org.freedesktop.Notifications was not provided by any .service files
[2.371s] DEBUG:colcon.colcon_core.event_reactor:joined thread
[2.371s] INFO:colcon.colcon_core.shell:Creating prefix script '/home/cyborg/usf_robot/install/local_setup.ps1'
[2.374s] INFO:colcon.colcon_core.shell:Creating prefix util module '/home/cyborg/usf_robot/install/_local_setup_util_ps1.py'
[2.376s] INFO:colcon.colcon_core.shell:Creating prefix chain script '/home/cyborg/usf_robot/install/setup.ps1'
[2.380s] INFO:colcon.colcon_core.shell:Creating prefix script '/home/cyborg/usf_robot/install/local_setup.sh'
[2.381s] INFO:colcon.colcon_core.shell:Creating prefix util module '/home/cyborg/usf_robot/install/_local_setup_util_sh.py'
[2.381s] INFO:colcon.colcon_core.shell:Creating prefix chain script '/home/cyborg/usf_robot/install/setup.sh'
[2.386s] INFO:colcon.colcon_core.shell:Creating prefix script '/home/cyborg/usf_robot/install/local_setup.bash'
[2.386s] INFO:colcon.colcon_core.shell:Creating prefix chain script '/home/cyborg/usf_robot/install/setup.bash'
[2.390s] INFO:colcon.colcon_core.shell:Creating prefix script '/home/cyborg/usf_robot/install/local_setup.zsh'
[2.391s] INFO:colcon.colcon_core.shell:Creating prefix chain script '/home/cyborg/usf_robot/install/setup.zsh'
